<?xml version="1.0" encoding="UTF-8" ?>
<testsuite tests="32" failures="5" name="TestSuite" time="81.343" errors="0" skipped="24">
  <properties>
[...]
</properties>
  <testcase classname="tests.AdminTest" name="countColAndRowOnTable" time="2.174"/>
  <testcase classname="tests.AdminTest" name="signIn" time="12.442">
    <failure message="element not interactable
  (Session info: chrome=102.0.5005.115)
Build info: version: &apos;4.1.1&apos;, revision: &apos;e8fcc2cecf&apos;
System info: host: &apos;LVN01000147&apos;, ip: &apos;192.168.43.52&apos;, os.name: &apos;Windows 10&apos;, os.arch: &apos;amd64&apos;, os.version: &apos;10.0&apos;, java.version: &apos;1.8.0_311&apos;
Driver info: org.openqa.selenium.chrome.ChromeDriver
Command: [b3db8cc2b2f349a1393a3327d6b6e20d, sendKeysToElement {id=c7de0658-1228-4861-b19d-d30a35504b4d, value=[Ljava.lang.CharSequence;@6a9d5dff}]
Capabilities {acceptInsecureCerts: false, browserName: chrome, browserVersion: 102.0.5005.115, chrome: {chromedriverVersion: 102.0.5005.61 (0e59bcc00cc4..., userDataDir: C:\Users\lamtran\AppData\Lo...}, goog:chromeOptions: {debuggerAddress: localhost:60193}, javascriptEnabled: true, networkConnectionEnabled: false, pageLoadStrategy: normal, platform: WINDOWS, platformName: WINDOWS, proxy: Proxy(), se:cdp: ws://localhost:60193/devtoo..., se:cdpVersion: 102.0.5005.115, setWindowRect: true, strictFileInteractability: false, timeouts: {implicit: 0, pageLoad: 300000, script: 30000}, unhandledPromptBehavior: dismiss and notify, webauthn:extension:credBlob: true, webauthn:extension:largeBlob: true, webauthn:virtualAuthenticators: true}
Element: [[ChromeDriver: chrome on WINDOWS (b3db8cc2b2f349a1393a3327d6b6e20d)] -&gt; xpath: //input[@id=&apos;email&apos;]]
Session ID: b3db8cc2b2f349a1393a3327d6b6e20d" type="org.openqa.selenium.ElementNotInteractableException">org.openqa.selenium.ElementNotInteractableException: element not interactable
  (Session info: chrome=102.0.5005.115)
Build info: version: &apos;4.1.1&apos;, revision: &apos;e8fcc2cecf&apos;
System info: host: &apos;LVN01000147&apos;, ip: &apos;192.168.43.52&apos;, os.name: &apos;Windows 10&apos;, os.arch: &apos;amd64&apos;, os.version: &apos;10.0&apos;, java.version: &apos;1.8.0_311&apos;
Driver info: org.openqa.selenium.chrome.ChromeDriver
Command: [b3db8cc2b2f349a1393a3327d6b6e20d, sendKeysToElement {id=c7de0658-1228-4861-b19d-d30a35504b4d, value=[Ljava.lang.CharSequence;@6a9d5dff}]
Capabilities {acceptInsecureCerts: false, browserName: chrome, browserVersion: 102.0.5005.115, chrome: {chromedriverVersion: 102.0.5005.61 (0e59bcc00cc4..., userDataDir: C:\Users\lamtran\AppData\Lo...}, goog:chromeOptions: {debuggerAddress: localhost:60193}, javascriptEnabled: true, networkConnectionEnabled: false, pageLoadStrategy: normal, platform: WINDOWS, platformName: WINDOWS, proxy: Proxy(), se:cdp: ws://localhost:60193/devtoo..., se:cdpVersion: 102.0.5005.115, setWindowRect: true, strictFileInteractability: false, timeouts: {implicit: 0, pageLoad: 300000, script: 30000}, unhandledPromptBehavior: dismiss and notify, webauthn:extension:credBlob: true, webauthn:extension:largeBlob: true, webauthn:virtualAuthenticators: true}
Element: [[ChromeDriver: chrome on WINDOWS (b3db8cc2b2f349a1393a3327d6b6e20d)] -&gt; xpath: //input[@id=&apos;email&apos;]]
Session ID: b3db8cc2b2f349a1393a3327d6b6e20d
	at sun.reflect.NativeConstructorAccessorImpl.newInstance0(Native Method)
	at sun.reflect.NativeConstructorAccessorImpl.newInstance(Unknown Source)
	at sun.reflect.DelegatingConstructorAccessorImpl.newInstance(Unknown Source)
	at java.lang.reflect.Constructor.newInstance(Unknown Source)
	at org.openqa.selenium.remote.codec.w3c.W3CHttpResponseCodec.createException(W3CHttpResponseCodec.java:200)
	at org.openqa.selenium.remote.codec.w3c.W3CHttpResponseCodec.decode(W3CHttpResponseCodec.java:133)
	at org.openqa.selenium.remote.codec.w3c.W3CHttpResponseCodec.decode(W3CHttpResponseCodec.java:53)
	at org.openqa.selenium.remote.HttpCommandExecutor.execute(HttpCommandExecutor.java:184)
	at org.openqa.selenium.remote.service.DriverCommandExecutor.invokeExecute(DriverCommandExecutor.java:167)
	at org.openqa.selenium.remote.service.DriverCommandExecutor.execute(DriverCommandExecutor.java:142)
	at org.openqa.selenium.remote.RemoteWebDriver.execute(RemoteWebDriver.java:543)
	at org.openqa.selenium.remote.RemoteWebElement.execute(RemoteWebElement.java:251)
	at org.openqa.selenium.remote.RemoteWebElement.sendKeys(RemoteWebElement.java:107)
	at pages.SignInPage.Login(SignInPage.java:24)
	at tests.AdminTest.signIn(AdminTest.java:16)
</failure>
  </testcase>
  <testcase classname="tests.AdminTest" name="getTextOnTable" time="0.01">
    <skipped/>
  </testcase>
  <testcase classname="tests.AdminTest" name="signIn" time="0.013">
    <skipped/>
  </testcase>
  <testcase classname="tests.AdminTest" name="inputNameOutputInfo" time="0.005">
    <skipped/>
  </testcase>
  <testcase classname="tests.AdminTest" name="signIn" time="0.009">
    <skipped/>
  </testcase>
  <testcase classname="tests.AdminTest" name="totalsColsAndRows" time="0.004">
    <skipped/>
  </testcase>
  <testcase classname="tests.AdminTest" name="signIn" time="0.009">
    <skipped/>
  </testcase>
  <testcase classname="tests.AdminTest" name="checkNumberOfTable" time="0.005">
    <skipped/>
  </testcase>
  <testcase classname="tests.AdminTest" name="signIn" time="0.008">
    <skipped/>
  </testcase>
  <testcase classname="tests.AdminTest" name="inputNameOutputInfoMap" time="0.003">
    <skipped/>
  </testcase>
  <testcase classname="tests.AdminTest" name="signIn" time="0.007">
    <skipped/>
  </testcase>
  <testcase classname="tests.AdminTest" name="searchCusName" time="0.002">
    <skipped/>
  </testcase>
  <testcase classname="tests.AdminTest" name="signIn" time="0.006">
    <skipped/>
  </testcase>
  <testcase classname="tests.AdminTest" name="deleteCustomer" time="0.004">
    <skipped/>
  </testcase>
  <testcase classname="tests.AdminTest" name="tearDown" time="0.005">
    <skipped/>
  </testcase>
  <testcase classname="tests.HomePageTest" name="testSearchItems" time="4.117"/>
  <testcase classname="tests.HomePageTest" name="signIn" time="14.259">
    <failure message="element not interactable
  (Session info: chrome=102.0.5005.115)
Build info: version: &apos;4.1.1&apos;, revision: &apos;e8fcc2cecf&apos;
System info: host: &apos;LVN01000147&apos;, ip: &apos;192.168.43.52&apos;, os.name: &apos;Windows 10&apos;, os.arch: &apos;amd64&apos;, os.version: &apos;10.0&apos;, java.version: &apos;1.8.0_311&apos;
Driver info: org.openqa.selenium.chrome.ChromeDriver
Command: [f2a16ffdddf63c2e34f85d1d9e01a226, sendKeysToElement {id=5a8421bb-63a8-40fb-a02f-4b63c0bbc5f7, value=[Ljava.lang.CharSequence;@6c03fb16}]
Capabilities {acceptInsecureCerts: false, browserName: chrome, browserVersion: 102.0.5005.115, chrome: {chromedriverVersion: 102.0.5005.61 (0e59bcc00cc4..., userDataDir: C:\Users\lamtran\AppData\Lo...}, goog:chromeOptions: {debuggerAddress: localhost:60276}, javascriptEnabled: true, networkConnectionEnabled: false, pageLoadStrategy: normal, platform: WINDOWS, platformName: WINDOWS, proxy: Proxy(), se:cdp: ws://localhost:60276/devtoo..., se:cdpVersion: 102.0.5005.115, setWindowRect: true, strictFileInteractability: false, timeouts: {implicit: 0, pageLoad: 300000, script: 30000}, unhandledPromptBehavior: dismiss and notify, webauthn:extension:credBlob: true, webauthn:extension:largeBlob: true, webauthn:virtualAuthenticators: true}
Element: [[ChromeDriver: chrome on WINDOWS (f2a16ffdddf63c2e34f85d1d9e01a226)] -&gt; xpath: //input[@id=&apos;email&apos;]]
Session ID: f2a16ffdddf63c2e34f85d1d9e01a226" type="org.openqa.selenium.ElementNotInteractableException">org.openqa.selenium.ElementNotInteractableException: element not interactable
  (Session info: chrome=102.0.5005.115)
Build info: version: &apos;4.1.1&apos;, revision: &apos;e8fcc2cecf&apos;
System info: host: &apos;LVN01000147&apos;, ip: &apos;192.168.43.52&apos;, os.name: &apos;Windows 10&apos;, os.arch: &apos;amd64&apos;, os.version: &apos;10.0&apos;, java.version: &apos;1.8.0_311&apos;
Driver info: org.openqa.selenium.chrome.ChromeDriver
Command: [f2a16ffdddf63c2e34f85d1d9e01a226, sendKeysToElement {id=5a8421bb-63a8-40fb-a02f-4b63c0bbc5f7, value=[Ljava.lang.CharSequence;@6c03fb16}]
Capabilities {acceptInsecureCerts: false, browserName: chrome, browserVersion: 102.0.5005.115, chrome: {chromedriverVersion: 102.0.5005.61 (0e59bcc00cc4..., userDataDir: C:\Users\lamtran\AppData\Lo...}, goog:chromeOptions: {debuggerAddress: localhost:60276}, javascriptEnabled: true, networkConnectionEnabled: false, pageLoadStrategy: normal, platform: WINDOWS, platformName: WINDOWS, proxy: Proxy(), se:cdp: ws://localhost:60276/devtoo..., se:cdpVersion: 102.0.5005.115, setWindowRect: true, strictFileInteractability: false, timeouts: {implicit: 0, pageLoad: 300000, script: 30000}, unhandledPromptBehavior: dismiss and notify, webauthn:extension:credBlob: true, webauthn:extension:largeBlob: true, webauthn:virtualAuthenticators: true}
Element: [[ChromeDriver: chrome on WINDOWS (f2a16ffdddf63c2e34f85d1d9e01a226)] -&gt; xpath: //input[@id=&apos;email&apos;]]
Session ID: f2a16ffdddf63c2e34f85d1d9e01a226
	at sun.reflect.NativeConstructorAccessorImpl.newInstance0(Native Method)
	at sun.reflect.NativeConstructorAccessorImpl.newInstance(Unknown Source)
	at sun.reflect.DelegatingConstructorAccessorImpl.newInstance(Unknown Source)
	at java.lang.reflect.Constructor.newInstance(Unknown Source)
	at org.openqa.selenium.remote.codec.w3c.W3CHttpResponseCodec.createException(W3CHttpResponseCodec.java:200)
	at org.openqa.selenium.remote.codec.w3c.W3CHttpResponseCodec.decode(W3CHttpResponseCodec.java:133)
	at org.openqa.selenium.remote.codec.w3c.W3CHttpResponseCodec.decode(W3CHttpResponseCodec.java:53)
	at org.openqa.selenium.remote.HttpCommandExecutor.execute(HttpCommandExecutor.java:184)
	at org.openqa.selenium.remote.service.DriverCommandExecutor.invokeExecute(DriverCommandExecutor.java:167)
	at org.openqa.selenium.remote.service.DriverCommandExecutor.execute(DriverCommandExecutor.java:142)
	at org.openqa.selenium.remote.RemoteWebDriver.execute(RemoteWebDriver.java:543)
	at org.openqa.selenium.remote.RemoteWebElement.execute(RemoteWebElement.java:251)
	at org.openqa.selenium.remote.RemoteWebElement.sendKeys(RemoteWebElement.java:107)
	at pages.SignInPage.Login(SignInPage.java:24)
	at tests.HomePageTest.signIn(HomePageTest.java:16)
</failure>
  </testcase>
  <testcase classname="tests.HomePageTest" name="testAddNewCustomer" time="0.005">
    <skipped/>
  </testcase>
  <testcase classname="tests.HomePageTest" name="signIn" time="0.009">
    <skipped/>
  </testcase>
  <testcase classname="tests.HomePageTest" name="testAddCustomer" time="0.005">
    <skipped/>
  </testcase>
  <testcase classname="tests.HomePageTest" name="signIn" time="0.008">
    <skipped/>
  </testcase>
  <testcase classname="tests.HomePageTest" name="testBuySomeItem" time="0.005">
    <skipped/>
  </testcase>
  <testcase classname="tests.HomePageTest" name="signIn" time="0.008">
    <skipped/>
  </testcase>
  <testcase classname="tests.HomePageTest" name="testCreateCusAdvice" time="0.023">
    <skipped/>
  </testcase>
  <testcase classname="tests.HomePageTest" name="signIn" time="0.027">
    <skipped/>
  </testcase>
  <testcase classname="tests.HomePageTest" name="testCustomerDashBoard" time="0.01">
    <skipped/>
  </testcase>
  <testcase classname="tests.HomePageTest" name="tearDown" time="0.012">
    <skipped/>
  </testcase>
  <testcase classname="tests.SignInTest" name="testLogin" time="17.729"/>
  <testcase classname="tests.SignInTest" name="testLoginWithDifferentAccount" time="10.313">
    <failure message="element not interactable
  (Session info: chrome=102.0.5005.115)
Build info: version: &apos;4.1.1&apos;, revision: &apos;e8fcc2cecf&apos;
System info: host: &apos;LVN01000147&apos;, ip: &apos;192.168.43.52&apos;, os.name: &apos;Windows 10&apos;, os.arch: &apos;amd64&apos;, os.version: &apos;10.0&apos;, java.version: &apos;1.8.0_311&apos;
Driver info: org.openqa.selenium.chrome.ChromeDriver
Command: [2821e6b11654de5a6e097e0156f5706e, sendKeysToElement {id=9a8c2707-17b0-4207-ab7d-9ef41fb04017, value=[Ljava.lang.CharSequence;@67d86804}]
Capabilities {acceptInsecureCerts: false, browserName: chrome, browserVersion: 102.0.5005.115, chrome: {chromedriverVersion: 102.0.5005.61 (0e59bcc00cc4..., userDataDir: C:\Users\lamtran\AppData\Lo...}, goog:chromeOptions: {debuggerAddress: localhost:60441}, javascriptEnabled: true, networkConnectionEnabled: false, pageLoadStrategy: normal, platform: WINDOWS, platformName: WINDOWS, proxy: Proxy(), se:cdp: ws://localhost:60441/devtoo..., se:cdpVersion: 102.0.5005.115, setWindowRect: true, strictFileInteractability: false, timeouts: {implicit: 0, pageLoad: 300000, script: 30000}, unhandledPromptBehavior: dismiss and notify, webauthn:extension:credBlob: true, webauthn:extension:largeBlob: true, webauthn:virtualAuthenticators: true}
Element: [[ChromeDriver: chrome on WINDOWS (2821e6b11654de5a6e097e0156f5706e)] -&gt; xpath: //input[@id=&apos;email&apos;]]
Session ID: 2821e6b11654de5a6e097e0156f5706e" type="org.openqa.selenium.ElementNotInteractableException">org.openqa.selenium.ElementNotInteractableException: element not interactable
  (Session info: chrome=102.0.5005.115)
Build info: version: &apos;4.1.1&apos;, revision: &apos;e8fcc2cecf&apos;
System info: host: &apos;LVN01000147&apos;, ip: &apos;192.168.43.52&apos;, os.name: &apos;Windows 10&apos;, os.arch: &apos;amd64&apos;, os.version: &apos;10.0&apos;, java.version: &apos;1.8.0_311&apos;
Driver info: org.openqa.selenium.chrome.ChromeDriver
Command: [2821e6b11654de5a6e097e0156f5706e, sendKeysToElement {id=9a8c2707-17b0-4207-ab7d-9ef41fb04017, value=[Ljava.lang.CharSequence;@67d86804}]
Capabilities {acceptInsecureCerts: false, browserName: chrome, browserVersion: 102.0.5005.115, chrome: {chromedriverVersion: 102.0.5005.61 (0e59bcc00cc4..., userDataDir: C:\Users\lamtran\AppData\Lo...}, goog:chromeOptions: {debuggerAddress: localhost:60441}, javascriptEnabled: true, networkConnectionEnabled: false, pageLoadStrategy: normal, platform: WINDOWS, platformName: WINDOWS, proxy: Proxy(), se:cdp: ws://localhost:60441/devtoo..., se:cdpVersion: 102.0.5005.115, setWindowRect: true, strictFileInteractability: false, timeouts: {implicit: 0, pageLoad: 300000, script: 30000}, unhandledPromptBehavior: dismiss and notify, webauthn:extension:credBlob: true, webauthn:extension:largeBlob: true, webauthn:virtualAuthenticators: true}
Element: [[ChromeDriver: chrome on WINDOWS (2821e6b11654de5a6e097e0156f5706e)] -&gt; xpath: //input[@id=&apos;email&apos;]]
Session ID: 2821e6b11654de5a6e097e0156f5706e
	at sun.reflect.NativeConstructorAccessorImpl.newInstance0(Native Method)
	at sun.reflect.NativeConstructorAccessorImpl.newInstance(Unknown Source)
	at sun.reflect.DelegatingConstructorAccessorImpl.newInstance(Unknown Source)
	at java.lang.reflect.Constructor.newInstance(Unknown Source)
	at org.openqa.selenium.remote.codec.w3c.W3CHttpResponseCodec.createException(W3CHttpResponseCodec.java:200)
	at org.openqa.selenium.remote.codec.w3c.W3CHttpResponseCodec.decode(W3CHttpResponseCodec.java:133)
	at org.openqa.selenium.remote.codec.w3c.W3CHttpResponseCodec.decode(W3CHttpResponseCodec.java:53)
	at org.openqa.selenium.remote.HttpCommandExecutor.execute(HttpCommandExecutor.java:184)
	at org.openqa.selenium.remote.service.DriverCommandExecutor.invokeExecute(DriverCommandExecutor.java:167)
	at org.openqa.selenium.remote.service.DriverCommandExecutor.execute(DriverCommandExecutor.java:142)
	at org.openqa.selenium.remote.RemoteWebDriver.execute(RemoteWebDriver.java:543)
	at org.openqa.selenium.remote.RemoteWebElement.execute(RemoteWebElement.java:251)
	at org.openqa.selenium.remote.RemoteWebElement.sendKeys(RemoteWebElement.java:107)
	at pages.SignInPage.Login(SignInPage.java:24)
	at tests.SignInTest.testLoginWithDifferentAccount(SignInTest.java:29)
</failure>
  </testcase>
  <testcase classname="tests.SignInTest" name="testLoginWithDifferentAccount" time="10.049">
    <failure message="element not interactable
  (Session info: chrome=102.0.5005.115)
Build info: version: &apos;4.1.1&apos;, revision: &apos;e8fcc2cecf&apos;
System info: host: &apos;LVN01000147&apos;, ip: &apos;192.168.43.52&apos;, os.name: &apos;Windows 10&apos;, os.arch: &apos;amd64&apos;, os.version: &apos;10.0&apos;, java.version: &apos;1.8.0_311&apos;
Driver info: org.openqa.selenium.chrome.ChromeDriver
Command: [2821e6b11654de5a6e097e0156f5706e, sendKeysToElement {id=9a8c2707-17b0-4207-ab7d-9ef41fb04017, value=[Ljava.lang.CharSequence;@5a82ebf8}]
Capabilities {acceptInsecureCerts: false, browserName: chrome, browserVersion: 102.0.5005.115, chrome: {chromedriverVersion: 102.0.5005.61 (0e59bcc00cc4..., userDataDir: C:\Users\lamtran\AppData\Lo...}, goog:chromeOptions: {debuggerAddress: localhost:60441}, javascriptEnabled: true, networkConnectionEnabled: false, pageLoadStrategy: normal, platform: WINDOWS, platformName: WINDOWS, proxy: Proxy(), se:cdp: ws://localhost:60441/devtoo..., se:cdpVersion: 102.0.5005.115, setWindowRect: true, strictFileInteractability: false, timeouts: {implicit: 0, pageLoad: 300000, script: 30000}, unhandledPromptBehavior: dismiss and notify, webauthn:extension:credBlob: true, webauthn:extension:largeBlob: true, webauthn:virtualAuthenticators: true}
Element: [[ChromeDriver: chrome on WINDOWS (2821e6b11654de5a6e097e0156f5706e)] -&gt; xpath: //input[@id=&apos;email&apos;]]
Session ID: 2821e6b11654de5a6e097e0156f5706e" type="org.openqa.selenium.ElementNotInteractableException">org.openqa.selenium.ElementNotInteractableException: element not interactable
  (Session info: chrome=102.0.5005.115)
Build info: version: &apos;4.1.1&apos;, revision: &apos;e8fcc2cecf&apos;
System info: host: &apos;LVN01000147&apos;, ip: &apos;192.168.43.52&apos;, os.name: &apos;Windows 10&apos;, os.arch: &apos;amd64&apos;, os.version: &apos;10.0&apos;, java.version: &apos;1.8.0_311&apos;
Driver info: org.openqa.selenium.chrome.ChromeDriver
Command: [2821e6b11654de5a6e097e0156f5706e, sendKeysToElement {id=9a8c2707-17b0-4207-ab7d-9ef41fb04017, value=[Ljava.lang.CharSequence;@5a82ebf8}]
Capabilities {acceptInsecureCerts: false, browserName: chrome, browserVersion: 102.0.5005.115, chrome: {chromedriverVersion: 102.0.5005.61 (0e59bcc00cc4..., userDataDir: C:\Users\lamtran\AppData\Lo...}, goog:chromeOptions: {debuggerAddress: localhost:60441}, javascriptEnabled: true, networkConnectionEnabled: false, pageLoadStrategy: normal, platform: WINDOWS, platformName: WINDOWS, proxy: Proxy(), se:cdp: ws://localhost:60441/devtoo..., se:cdpVersion: 102.0.5005.115, setWindowRect: true, strictFileInteractability: false, timeouts: {implicit: 0, pageLoad: 300000, script: 30000}, unhandledPromptBehavior: dismiss and notify, webauthn:extension:credBlob: true, webauthn:extension:largeBlob: true, webauthn:virtualAuthenticators: true}
Element: [[ChromeDriver: chrome on WINDOWS (2821e6b11654de5a6e097e0156f5706e)] -&gt; xpath: //input[@id=&apos;email&apos;]]
Session ID: 2821e6b11654de5a6e097e0156f5706e
	at sun.reflect.NativeConstructorAccessorImpl.newInstance0(Native Method)
	at sun.reflect.NativeConstructorAccessorImpl.newInstance(Unknown Source)
	at sun.reflect.DelegatingConstructorAccessorImpl.newInstance(Unknown Source)
	at java.lang.reflect.Constructor.newInstance(Unknown Source)
	at org.openqa.selenium.remote.codec.w3c.W3CHttpResponseCodec.createException(W3CHttpResponseCodec.java:200)
	at org.openqa.selenium.remote.codec.w3c.W3CHttpResponseCodec.decode(W3CHttpResponseCodec.java:133)
	at org.openqa.selenium.remote.codec.w3c.W3CHttpResponseCodec.decode(W3CHttpResponseCodec.java:53)
	at org.openqa.selenium.remote.HttpCommandExecutor.execute(HttpCommandExecutor.java:184)
	at org.openqa.selenium.remote.service.DriverCommandExecutor.invokeExecute(DriverCommandExecutor.java:167)
	at org.openqa.selenium.remote.service.DriverCommandExecutor.execute(DriverCommandExecutor.java:142)
	at org.openqa.selenium.remote.RemoteWebDriver.execute(RemoteWebDriver.java:543)
	at org.openqa.selenium.remote.RemoteWebElement.execute(RemoteWebElement.java:251)
	at org.openqa.selenium.remote.RemoteWebElement.sendKeys(RemoteWebElement.java:107)
	at pages.SignInPage.Login(SignInPage.java:24)
	at tests.SignInTest.testLoginWithDifferentAccount(SignInTest.java:29)
</failure>
  </testcase>
  <testcase classname="tests.SignInTest" name="testLoginWithDifferentAccount" time="10.058">
    <failure message="element not interactable
  (Session info: chrome=102.0.5005.115)
Build info: version: &apos;4.1.1&apos;, revision: &apos;e8fcc2cecf&apos;
System info: host: &apos;LVN01000147&apos;, ip: &apos;192.168.43.52&apos;, os.name: &apos;Windows 10&apos;, os.arch: &apos;amd64&apos;, os.version: &apos;10.0&apos;, java.version: &apos;1.8.0_311&apos;
Driver info: org.openqa.selenium.chrome.ChromeDriver
Command: [2821e6b11654de5a6e097e0156f5706e, sendKeysToElement {id=9a8c2707-17b0-4207-ab7d-9ef41fb04017, value=[Ljava.lang.CharSequence;@3cf7298d}]
Capabilities {acceptInsecureCerts: false, browserName: chrome, browserVersion: 102.0.5005.115, chrome: {chromedriverVersion: 102.0.5005.61 (0e59bcc00cc4..., userDataDir: C:\Users\lamtran\AppData\Lo...}, goog:chromeOptions: {debuggerAddress: localhost:60441}, javascriptEnabled: true, networkConnectionEnabled: false, pageLoadStrategy: normal, platform: WINDOWS, platformName: WINDOWS, proxy: Proxy(), se:cdp: ws://localhost:60441/devtoo..., se:cdpVersion: 102.0.5005.115, setWindowRect: true, strictFileInteractability: false, timeouts: {implicit: 0, pageLoad: 300000, script: 30000}, unhandledPromptBehavior: dismiss and notify, webauthn:extension:credBlob: true, webauthn:extension:largeBlob: true, webauthn:virtualAuthenticators: true}
Element: [[ChromeDriver: chrome on WINDOWS (2821e6b11654de5a6e097e0156f5706e)] -&gt; xpath: //input[@id=&apos;email&apos;]]
Session ID: 2821e6b11654de5a6e097e0156f5706e" type="org.openqa.selenium.ElementNotInteractableException">org.openqa.selenium.ElementNotInteractableException: element not interactable
  (Session info: chrome=102.0.5005.115)
Build info: version: &apos;4.1.1&apos;, revision: &apos;e8fcc2cecf&apos;
System info: host: &apos;LVN01000147&apos;, ip: &apos;192.168.43.52&apos;, os.name: &apos;Windows 10&apos;, os.arch: &apos;amd64&apos;, os.version: &apos;10.0&apos;, java.version: &apos;1.8.0_311&apos;
Driver info: org.openqa.selenium.chrome.ChromeDriver
Command: [2821e6b11654de5a6e097e0156f5706e, sendKeysToElement {id=9a8c2707-17b0-4207-ab7d-9ef41fb04017, value=[Ljava.lang.CharSequence;@3cf7298d}]
Capabilities {acceptInsecureCerts: false, browserName: chrome, browserVersion: 102.0.5005.115, chrome: {chromedriverVersion: 102.0.5005.61 (0e59bcc00cc4..., userDataDir: C:\Users\lamtran\AppData\Lo...}, goog:chromeOptions: {debuggerAddress: localhost:60441}, javascriptEnabled: true, networkConnectionEnabled: false, pageLoadStrategy: normal, platform: WINDOWS, platformName: WINDOWS, proxy: Proxy(), se:cdp: ws://localhost:60441/devtoo..., se:cdpVersion: 102.0.5005.115, setWindowRect: true, strictFileInteractability: false, timeouts: {implicit: 0, pageLoad: 300000, script: 30000}, unhandledPromptBehavior: dismiss and notify, webauthn:extension:credBlob: true, webauthn:extension:largeBlob: true, webauthn:virtualAuthenticators: true}
Element: [[ChromeDriver: chrome on WINDOWS (2821e6b11654de5a6e097e0156f5706e)] -&gt; xpath: //input[@id=&apos;email&apos;]]
Session ID: 2821e6b11654de5a6e097e0156f5706e
	at sun.reflect.NativeConstructorAccessorImpl.newInstance0(Native Method)
	at sun.reflect.NativeConstructorAccessorImpl.newInstance(Unknown Source)
	at sun.reflect.DelegatingConstructorAccessorImpl.newInstance(Unknown Source)
	at java.lang.reflect.Constructor.newInstance(Unknown Source)
	at org.openqa.selenium.remote.codec.w3c.W3CHttpResponseCodec.createException(W3CHttpResponseCodec.java:200)
	at org.openqa.selenium.remote.codec.w3c.W3CHttpResponseCodec.decode(W3CHttpResponseCodec.java:133)
	at org.openqa.selenium.remote.codec.w3c.W3CHttpResponseCodec.decode(W3CHttpResponseCodec.java:53)
	at org.openqa.selenium.remote.HttpCommandExecutor.execute(HttpCommandExecutor.java:184)
	at org.openqa.selenium.remote.service.DriverCommandExecutor.invokeExecute(DriverCommandExecutor.java:167)
	at org.openqa.selenium.remote.service.DriverCommandExecutor.execute(DriverCommandExecutor.java:142)
	at org.openqa.selenium.remote.RemoteWebDriver.execute(RemoteWebDriver.java:543)
	at org.openqa.selenium.remote.RemoteWebElement.execute(RemoteWebElement.java:251)
	at org.openqa.selenium.remote.RemoteWebElement.sendKeys(RemoteWebElement.java:107)
	at pages.SignInPage.Login(SignInPage.java:24)
	at tests.SignInTest.testLoginWithDifferentAccount(SignInTest.java:29)
</failure>
  </testcase>
</testsuite>